app/manifest-merger-release-report.txt
-- Merging decision tree log ---
manifest
ADDED from AndroidManifest.xml:2:1
	package
		ADDED from AndroidManifest.xml:3:5
		INJECTED from AndroidManifest.xml:0:0
		INJECTED from AndroidManifest.xml:0:0
	android:versionName
		INJECTED from AndroidManifest.xml:0:0
		INJECTED from AndroidManifest.xml:0:0
	xmlns:android
		ADDED from AndroidManifest.xml:2:11
	android:versionCode
		INJECTED from AndroidManifest.xml:0:0
		INJECTED from AndroidManifest.xml:0:0
uses-permission#android.permission.CAMERA
ADDED from AndroidManifest.xml:5:5
	android:name
		ADDED from AndroidManifest.xml:5:22
uses-permission#android.permission.WRITE_EXTERNAL_STORAGE
ADDED from AndroidManifest.xml:6:5
	android:name
		ADDED from AndroidManifest.xml:6:22
uses-permission#android.permission.READ_EXTERNAL_STORAGE
ADDED from AndroidManifest.xml:7:5
	android:name
		ADDED from AndroidManifest.xml:7:22
uses-permission#com.android.launcher.permission.INSTALL_SHORTCUT
ADDED from AndroidManifest.xml:8:5
	android:name
		ADDED from AndroidManifest.xml:8:22
application
ADDED from AndroidManifest.xml:10:5
MERGED from com.android.support:appcompat-v7:21.0.3:16:5
MERGED from com.android.support:support-v4:21.0.3:16:5
	android:label
		ADDED from AndroidManifest.xml:13:9
	android:allowBackup
		ADDED from AndroidManifest.xml:11:9
	android:icon
		ADDED from AndroidManifest.xml:12:9
	android:theme
		ADDED from AndroidManifest.xml:14:9
activity#kiwi.ai_wallet.MenuActivity
ADDED from AndroidManifest.xml:15:9
	android:label
		ADDED from AndroidManifest.xml:17:13
	android:windowSoftInputMode
		ADDED from AndroidManifest.xml:19:13
	android:theme
		ADDED from AndroidManifest.xml:18:13
	android:name
		ADDED from AndroidManifest.xml:16:13
intent-filter#android.intent.action.MAIN+android.intent.category.LAUNCHER
ADDED from AndroidManifest.xml:20:13
action#android.intent.action.MAIN
ADDED from AndroidManifest.xml:21:17
	android:name
		ADDED from AndroidManifest.xml:21:25
category#android.intent.category.LAUNCHER
ADDED from AndroidManifest.xml:23:17
	android:name
		ADDED from AndroidManifest.xml:23:27
activity#kiwi.ai_wallet.ChargeActivity
ADDED from AndroidManifest.xml:26:9
	android:label
		ADDED from AndroidManifest.xml:28:13
	android:windowSoftInputMode
		ADDED from AndroidManifest.xml:30:13
	android:theme
		ADDED from AndroidManifest.xml:29:13
	android:name
		ADDED from AndroidManifest.xml:27:13
intent-filter#android.intent.action.CREATE_SHORTCUT+android.intent.category.DEFAULT
ADDED from AndroidManifest.xml:31:13
action#android.intent.action.CREATE_SHORTCUT
ADDED from AndroidManifest.xml:32:17
	android:name
		ADDED from AndroidManifest.xml:32:25
category#android.intent.category.DEFAULT
ADDED from AndroidManifest.xml:34:17
	android:name
		ADDED from AndroidManifest.xml:34:27
activity#kiwi.ai_wallet.DateListActivity
ADDED from AndroidManifest.xml:37:9
	android:label
		ADDED from AndroidManifest.xml:39:13
	android:windowSoftInputMode
		ADDED from AndroidManifest.xml:41:13
	android:theme
		ADDED from AndroidManifest.xml:40:13
	android:name
		ADDED from AndroidManifest.xml:38:13
activity#kiwi.ai_wallet.SmartbutlerActivity
ADDED from AndroidManifest.xml:43:9
	android:label
		ADDED from AndroidManifest.xml:45:13
	android:windowSoftInputMode
		ADDED from AndroidManifest.xml:47:13
	android:theme
		ADDED from AndroidManifest.xml:46:13
	android:name
		ADDED from AndroidManifest.xml:44:13
activity#org.achartengine.GraphicalActivity
ADDED from AndroidManifest.xml:49:9
	android:name
		ADDED from AndroidManifest.xml:49:19
activity#kiwi.ai_wallet.OptionActivity
ADDED from AndroidManifest.xml:50:9
	android:label
		ADDED from AndroidManifest.xml:52:13
	android:windowSoftInputMode
		ADDED from AndroidManifest.xml:54:13
	android:theme
		ADDED from AndroidManifest.xml:53:13
	android:name
		ADDED from AndroidManifest.xml:51:13
activity#kiwi.ai_wallet.ComputerActivity
ADDED from AndroidManifest.xml:56:9
	android:label
		ADDED from AndroidManifest.xml:58:13
	android:windowSoftInputMode
		ADDED from AndroidManifest.xml:60:13
	android:theme
		ADDED from AndroidManifest.xml:59:13
	android:name
		ADDED from AndroidManifest.xml:57:13
uses-sdk
INJECTED from AndroidManifest.xml:0:0 reason: use-sdk injection requested
MERGED from com.android.support:appcompat-v7:21.0.3:15:5
MERGED from com.android.support:support-v4:21.0.3:15:5
	android:targetSdkVersion
		INJECTED from AndroidManifest.xml:0:0
		INJECTED from AndroidManifest.xml:0:0
	android:minSdkVersion
		INJECTED from AndroidManifest.xml:0:0
		INJECTED from AndroidManifest.xml:0:0